  cvrp.cpp
D:\Project\Gurobi_Test\CVRP\cvrp.cpp(86,39): warning C4267: “参数”: 从“size_t”转换到“int”，可能丢失数据
D:\Project\Gurobi_Test\CVRP\cvrp.cpp(95,35): warning C4267: “参数”: 从“size_t”转换到“int”，可能丢失数据
D:\Project\Gurobi_Test\CVRP\cvrp.cpp(102,35): warning C4267: “参数”: 从“size_t”转换到“int”，可能丢失数据
gurobi_c++mdd2017.lib(Exception.2017.omdd) : error LNK2038: 检测到“_ITERATOR_DEBUG_LEVEL”的不匹配项: 值“2”不匹配值“0”(cvrp.obj 中)
gurobi_c++mdd2017.lib(Exception.2017.omdd) : error LNK2038: 检测到“RuntimeLibrary”的不匹配项: 值“MDd_DynamicDebug”不匹配值“MD_DynamicRelease”(cvrp.obj 中)
gurobi_c++mdd2017.lib(LinExpr.2017.omdd) : error LNK2038: 检测到“_ITERATOR_DEBUG_LEVEL”的不匹配项: 值“2”不匹配值“0”(cvrp.obj 中)
gurobi_c++mdd2017.lib(LinExpr.2017.omdd) : error LNK2038: 检测到“RuntimeLibrary”的不匹配项: 值“MDd_DynamicDebug”不匹配值“MD_DynamicRelease”(cvrp.obj 中)
gurobi_c++mdd2017.lib(Env.2017.omdd) : error LNK2038: 检测到“_ITERATOR_DEBUG_LEVEL”的不匹配项: 值“2”不匹配值“0”(cvrp.obj 中)
gurobi_c++mdd2017.lib(Env.2017.omdd) : error LNK2038: 检测到“RuntimeLibrary”的不匹配项: 值“MDd_DynamicDebug”不匹配值“MD_DynamicRelease”(cvrp.obj 中)
gurobi_c++mdd2017.lib(Var.2017.omdd) : error LNK2038: 检测到“_ITERATOR_DEBUG_LEVEL”的不匹配项: 值“2”不匹配值“0”(cvrp.obj 中)
gurobi_c++mdd2017.lib(Var.2017.omdd) : error LNK2038: 检测到“RuntimeLibrary”的不匹配项: 值“MDd_DynamicDebug”不匹配值“MD_DynamicRelease”(cvrp.obj 中)
gurobi_c++mdd2017.lib(Model.2017.omdd) : error LNK2038: 检测到“_ITERATOR_DEBUG_LEVEL”的不匹配项: 值“2”不匹配值“0”(cvrp.obj 中)
gurobi_c++mdd2017.lib(Model.2017.omdd) : error LNK2038: 检测到“RuntimeLibrary”的不匹配项: 值“MDd_DynamicDebug”不匹配值“MD_DynamicRelease”(cvrp.obj 中)
gurobi_c++mdd2017.lib(attrprivate.2017.omdd) : error LNK2038: 检测到“_ITERATOR_DEBUG_LEVEL”的不匹配项: 值“2”不匹配值“0”(cvrp.obj 中)
gurobi_c++mdd2017.lib(attrprivate.2017.omdd) : error LNK2038: 检测到“RuntimeLibrary”的不匹配项: 值“MDd_DynamicDebug”不匹配值“MD_DynamicRelease”(cvrp.obj 中)
gurobi_c++mdd2017.lib(QuadExpr.2017.omdd) : error LNK2038: 检测到“_ITERATOR_DEBUG_LEVEL”的不匹配项: 值“2”不匹配值“0”(cvrp.obj 中)
gurobi_c++mdd2017.lib(QuadExpr.2017.omdd) : error LNK2038: 检测到“RuntimeLibrary”的不匹配项: 值“MDd_DynamicDebug”不匹配值“MD_DynamicRelease”(cvrp.obj 中)
gurobi_c++mdd2017.lib(Constr.2017.omdd) : error LNK2038: 检测到“_ITERATOR_DEBUG_LEVEL”的不匹配项: 值“2”不匹配值“0”(cvrp.obj 中)
gurobi_c++mdd2017.lib(Constr.2017.omdd) : error LNK2038: 检测到“RuntimeLibrary”的不匹配项: 值“MDd_DynamicDebug”不匹配值“MD_DynamicRelease”(cvrp.obj 中)
gurobi_c++mdd2017.lib(SOS.2017.omdd) : error LNK2038: 检测到“_ITERATOR_DEBUG_LEVEL”的不匹配项: 值“2”不匹配值“0”(cvrp.obj 中)
gurobi_c++mdd2017.lib(SOS.2017.omdd) : error LNK2038: 检测到“RuntimeLibrary”的不匹配项: 值“MDd_DynamicDebug”不匹配值“MD_DynamicRelease”(cvrp.obj 中)
gurobi_c++mdd2017.lib(QConstr.2017.omdd) : error LNK2038: 检测到“_ITERATOR_DEBUG_LEVEL”的不匹配项: 值“2”不匹配值“0”(cvrp.obj 中)
gurobi_c++mdd2017.lib(QConstr.2017.omdd) : error LNK2038: 检测到“RuntimeLibrary”的不匹配项: 值“MDd_DynamicDebug”不匹配值“MD_DynamicRelease”(cvrp.obj 中)
gurobi_c++mdd2017.lib(GenConstr.2017.omdd) : error LNK2038: 检测到“_ITERATOR_DEBUG_LEVEL”的不匹配项: 值“2”不匹配值“0”(cvrp.obj 中)
gurobi_c++mdd2017.lib(GenConstr.2017.omdd) : error LNK2038: 检测到“RuntimeLibrary”的不匹配项: 值“MDd_DynamicDebug”不匹配值“MD_DynamicRelease”(cvrp.obj 中)
gurobi_c++mdd2017.lib(Callback.2017.omdd) : error LNK2038: 检测到“_ITERATOR_DEBUG_LEVEL”的不匹配项: 值“2”不匹配值“0”(cvrp.obj 中)
gurobi_c++mdd2017.lib(Callback.2017.omdd) : error LNK2038: 检测到“RuntimeLibrary”的不匹配项: 值“MDd_DynamicDebug”不匹配值“MD_DynamicRelease”(cvrp.obj 中)
gurobi_c++mdd2017.lib(Column.2017.omdd) : error LNK2038: 检测到“_ITERATOR_DEBUG_LEVEL”的不匹配项: 值“2”不匹配值“0”(cvrp.obj 中)
gurobi_c++mdd2017.lib(Column.2017.omdd) : error LNK2038: 检测到“RuntimeLibrary”的不匹配项: 值“MDd_DynamicDebug”不匹配值“MD_DynamicRelease”(cvrp.obj 中)
LINK : warning LNK4098: 默认库“MSVCRTD”与其他库的使用冲突；请使用 /NODEFAULTLIB:library
gurobi_c++mdd2017.lib(Column.2017.omdd) : error LNK2001: 无法解析的外部符号 __imp__invalid_parameter
gurobi_c++mdd2017.lib(SOS.2017.omdd) : error LNK2001: 无法解析的外部符号 __imp__invalid_parameter
gurobi_c++mdd2017.lib(QConstr.2017.omdd) : error LNK2001: 无法解析的外部符号 __imp__invalid_parameter
gurobi_c++mdd2017.lib(GenConstr.2017.omdd) : error LNK2001: 无法解析的外部符号 __imp__invalid_parameter
gurobi_c++mdd2017.lib(Callback.2017.omdd) : error LNK2001: 无法解析的外部符号 __imp__invalid_parameter
gurobi_c++mdd2017.lib(Model.2017.omdd) : error LNK2001: 无法解析的外部符号 __imp__invalid_parameter
gurobi_c++mdd2017.lib(attrprivate.2017.omdd) : error LNK2001: 无法解析的外部符号 __imp__invalid_parameter
gurobi_c++mdd2017.lib(QuadExpr.2017.omdd) : error LNK2001: 无法解析的外部符号 __imp__invalid_parameter
gurobi_c++mdd2017.lib(Constr.2017.omdd) : error LNK2001: 无法解析的外部符号 __imp__invalid_parameter
gurobi_c++mdd2017.lib(Exception.2017.omdd) : error LNK2001: 无法解析的外部符号 __imp__invalid_parameter
gurobi_c++mdd2017.lib(LinExpr.2017.omdd) : error LNK2001: 无法解析的外部符号 __imp__invalid_parameter
gurobi_c++mdd2017.lib(Env.2017.omdd) : error LNK2001: 无法解析的外部符号 __imp__invalid_parameter
gurobi_c++mdd2017.lib(Var.2017.omdd) : error LNK2001: 无法解析的外部符号 __imp__invalid_parameter
gurobi_c++mdd2017.lib(Column.2017.omdd) : error LNK2001: 无法解析的外部符号 __imp__CrtDbgReport
gurobi_c++mdd2017.lib(SOS.2017.omdd) : error LNK2001: 无法解析的外部符号 __imp__CrtDbgReport
gurobi_c++mdd2017.lib(QConstr.2017.omdd) : error LNK2001: 无法解析的外部符号 __imp__CrtDbgReport
gurobi_c++mdd2017.lib(GenConstr.2017.omdd) : error LNK2001: 无法解析的外部符号 __imp__CrtDbgReport
gurobi_c++mdd2017.lib(Callback.2017.omdd) : error LNK2001: 无法解析的外部符号 __imp__CrtDbgReport
gurobi_c++mdd2017.lib(Model.2017.omdd) : error LNK2001: 无法解析的外部符号 __imp__CrtDbgReport
gurobi_c++mdd2017.lib(attrprivate.2017.omdd) : error LNK2001: 无法解析的外部符号 __imp__CrtDbgReport
gurobi_c++mdd2017.lib(QuadExpr.2017.omdd) : error LNK2001: 无法解析的外部符号 __imp__CrtDbgReport
gurobi_c++mdd2017.lib(Constr.2017.omdd) : error LNK2001: 无法解析的外部符号 __imp__CrtDbgReport
gurobi_c++mdd2017.lib(Exception.2017.omdd) : error LNK2001: 无法解析的外部符号 __imp__CrtDbgReport
gurobi_c++mdd2017.lib(LinExpr.2017.omdd) : error LNK2001: 无法解析的外部符号 __imp__CrtDbgReport
gurobi_c++mdd2017.lib(Env.2017.omdd) : error LNK2001: 无法解析的外部符号 __imp__CrtDbgReport
gurobi_c++mdd2017.lib(Var.2017.omdd) : error LNK2001: 无法解析的外部符号 __imp__CrtDbgReport
D:\Project\Gurobi_Test\Gurobi_Test\x64\Release\CVRP.exe : fatal error LNK1120: 2 个无法解析的外部命令
